<?xml version="1.0" encoding="UTF-8"?>
<!-- Generated by org.testng.reporters.JUnitXMLReporter -->
<testsuite hostname="macpk-wks-0076" ignored="0" name="EMS_Corporate_Execution Opera" tests="8" failures="1" timestamp="22 Sep 2018 15:54:09 GMT" time="12.952" errors="0">
  <testcase name="@AfterMethod getResult" time="0.002" classname="Master.EMS_Corporate_Execution">
    <failure type="java.lang.NullPointerException">
      <![CDATA[java.lang.NullPointerExceptionat Master.EMS_Corporate_Execution.getResult(EMS_Corporate_Execution.java:109)... Removed 28 stack frames]]>
    </failure>
  </testcase> <!-- @AfterMethod getResult -->
  <testcase name="@AfterMethod getResult" time="0.0" classname="Master.EMS_Corporate_Execution">
    <skipped/>
  </testcase> <!-- @AfterMethod getResult -->
  <testcase name="@AfterMethod getResult" time="0.0" classname="Master.EMS_Corporate_Execution">
    <skipped/>
  </testcase> <!-- @AfterMethod getResult -->
  <testcase name="@AfterMethod getResult" time="0.0" classname="Master.EMS_Corporate_Execution">
    <skipped/>
  </testcase> <!-- @AfterMethod getResult -->
  <testcase name="@AfterMethod getResult" time="0.0" classname="Master.EMS_Corporate_Execution">
    <skipped/>
  </testcase> <!-- @AfterMethod getResult -->
  <testcase name="@AfterMethod getResult" time="0.0" classname="Master.EMS_Corporate_Execution">
    <skipped/>
  </testcase> <!-- @AfterMethod getResult -->
  <testcase name="@AfterMethod getResult" time="0.0" classname="Master.EMS_Corporate_Execution">
    <skipped/>
  </testcase> <!-- @AfterMethod getResult -->
  <testcase name="@AfterMethod getResult" time="0.0" classname="Master.EMS_Corporate_Execution">
    <skipped/>
  </testcase> <!-- @AfterMethod getResult -->
  <testcase name="@AfterTest teardown" time="0.0" classname="Master.EMS_Corporate_Execution">
    <skipped/>
  </testcase> <!-- @AfterTest teardown -->
  <testcase name="LoginApp" time="5.01" classname="Master.EMS_Corporate_Execution">
    <failure type="java.lang.NullPointerException">
      <![CDATA[java.lang.NullPointerExceptionat org.openqa.selenium.support.pagefactory.internal.LocatingElementHandler.invoke(LocatingElementHandler.java:51)at com.sun.proxy.$Proxy11.sendKeys(Unknown Source)at EMS_Corporate_TestCases.Login.login(Login.java:30)at Master.EMS_Corporate_Execution.LoginApp(EMS_Corporate_Execution.java:52)... Removed 29 stack frames]]>
    </failure>
  </testcase> <!-- LoginApp -->
  <testcase name="TenentConfig" time="0.0" classname="Master.EMS_Corporate_Execution">
    <skipped/>
  </testcase> <!-- TenentConfig -->
  <testcase name="CorporateTemplates" time="0.0" classname="Master.EMS_Corporate_Execution">
    <skipped/>
  </testcase> <!-- CorporateTemplates -->
  <testcase name="MyTemplates" time="0.0" classname="Master.EMS_Corporate_Execution">
    <skipped/>
  </testcase> <!-- MyTemplates -->
  <testcase name="UserTemplates" time="0.0" classname="Master.EMS_Corporate_Execution">
    <skipped/>
  </testcase> <!-- UserTemplates -->
  <testcase name="HideShareTemplates" time="0.0" classname="Master.EMS_Corporate_Execution">
    <skipped/>
  </testcase> <!-- HideShareTemplates -->
  <testcase name="HideShareSupplierTemplates" time="0.0" classname="Master.EMS_Corporate_Execution">
    <skipped/>
  </testcase> <!-- HideShareSupplierTemplates -->
  <testcase name="CorporateSettings_Settings" time="0.0" classname="Master.EMS_Corporate_Execution">
    <skipped/>
  </testcase> <!-- CorporateSettings_Settings -->
</testsuite> <!-- EMS_Corporate_Execution Opera -->
