<?xml version="1.0" encoding="UTF-8"?>
<!-- Generated by org.testng.reporters.JUnitXMLReporter -->
<testsuite hostname="macpk-wks-0076" ignored="0" name="EMS_Corporate_Execution IE" tests="14" failures="1" timestamp="11 Sep 2018 11:10:18 GMT" time="66.086" errors="0">
  <testcase name="@AfterMethod getResult" time="0.002" classname="Master.EMS_Execution">
    <failure type="java.lang.NullPointerException">
      <![CDATA[java.lang.NullPointerExceptionat Master.EMS_Execution.getResult(EMS_Execution.java:151)... Removed 28 stack frames]]>
    </failure>
  </testcase> <!-- @AfterMethod getResult -->
  <testcase name="@AfterMethod getResult" time="0.0" classname="Master.EMS_Execution">
    <skipped/>
  </testcase> <!-- @AfterMethod getResult -->
  <testcase name="@AfterMethod getResult" time="0.0" classname="Master.EMS_Execution">
    <skipped/>
  </testcase> <!-- @AfterMethod getResult -->
  <testcase name="@AfterMethod getResult" time="0.0" classname="Master.EMS_Execution">
    <skipped/>
  </testcase> <!-- @AfterMethod getResult -->
  <testcase name="@AfterMethod getResult" time="0.0" classname="Master.EMS_Execution">
    <skipped/>
  </testcase> <!-- @AfterMethod getResult -->
  <testcase name="@AfterMethod getResult" time="0.0" classname="Master.EMS_Execution">
    <skipped/>
  </testcase> <!-- @AfterMethod getResult -->
  <testcase name="@AfterMethod getResult" time="0.0" classname="Master.EMS_Execution">
    <skipped/>
  </testcase> <!-- @AfterMethod getResult -->
  <testcase name="@AfterMethod getResult" time="0.0" classname="Master.EMS_Execution">
    <skipped/>
  </testcase> <!-- @AfterMethod getResult -->
  <testcase name="@AfterMethod getResult" time="0.0" classname="Master.EMS_Execution">
    <skipped/>
  </testcase> <!-- @AfterMethod getResult -->
  <testcase name="@AfterMethod getResult" time="0.0" classname="Master.EMS_Execution">
    <skipped/>
  </testcase> <!-- @AfterMethod getResult -->
  <testcase name="@AfterMethod getResult" time="0.0" classname="Master.EMS_Execution">
    <skipped/>
  </testcase> <!-- @AfterMethod getResult -->
  <testcase name="@AfterMethod getResult" time="0.0" classname="Master.EMS_Execution">
    <skipped/>
  </testcase> <!-- @AfterMethod getResult -->
  <testcase name="@AfterMethod getResult" time="0.0" classname="Master.EMS_Execution">
    <skipped/>
  </testcase> <!-- @AfterMethod getResult -->
  <testcase name="@AfterMethod getResult" time="0.0" classname="Master.EMS_Execution">
    <skipped/>
  </testcase> <!-- @AfterMethod getResult -->
  <testcase name="@AfterTest teardown" time="0.0" classname="Master.EMS_Execution">
    <skipped/>
  </testcase> <!-- @AfterTest teardown -->
  <testcase name="LoginApp" time="40.551" classname="Master.EMS_Execution">
    <failure type="org.openqa.selenium.NoSuchWindowException" message="Currently focused window has been closed.
Build info: version: &amp;apos;3.13.0&amp;apos;, revision: &amp;apos;2f0d292&amp;apos;, time: &amp;apos;2018-06-25T15:32:14.902Z&amp;apos;
System info: host: &amp;apos;MACPK-WKS-0076&amp;apos;, ip: &amp;apos;172.25.174.204&amp;apos;, os.name: &amp;apos;Windows 7&amp;apos;, os.arch: &amp;apos;amd64&amp;apos;, os.version: &amp;apos;6.1&amp;apos;, java.version: &amp;apos;1.8.0_181&amp;apos;
Driver info: org.openqa.selenium.ie.InternetExplorerDriver
Capabilities {acceptInsecureCerts: false, browserName: internet explorer, browserVersion: 11, javascriptEnabled: true, pageLoadStrategy: normal, platform: WINDOWS, platformName: WINDOWS, proxy: Proxy(), se:ieOptions: {browserAttachTimeout: 0, elementScrollBehavior: 0, enablePersistentHover: true, ie.browserCommandLineSwitches: , ie.ensureCleanSession: false, ie.fileUploadDialogTimeout: 3000, ie.forceCreateProcessApi: false, ignoreProtectedModeSettings: false, ignoreZoomSetting: false, initialBrowserUrl: http://localhost:13041/, nativeEvents: true, requireWindowFocus: false}, setWindowRect: true, timeouts: {implicit: 0, pageLoad: 300000, script: 30000}}
Session ID: eb586f2b-5f79-48d2-9735-92b28aa5f040
*** Element info: {Using=xpath, value=//a[contains(text(),&amp;apos;Web Home Page&amp;apos;)]}">
      <![CDATA[org.openqa.selenium.NoSuchWindowException: Currently focused window has been closed.Build info: version: '3.13.0', revision: '2f0d292', time: '2018-06-25T15:32:14.902Z'System info: host: 'MACPK-WKS-0076', ip: '172.25.174.204', os.name: 'Windows 7', os.arch: 'amd64', os.version: '6.1', java.version: '1.8.0_181'Driver info: org.openqa.selenium.ie.InternetExplorerDriverCapabilities {acceptInsecureCerts: false, browserName: internet explorer, browserVersion: 11, javascriptEnabled: true, pageLoadStrategy: normal, platform: WINDOWS, platformName: WINDOWS, proxy: Proxy(), se:ieOptions: {browserAttachTimeout: 0, elementScrollBehavior: 0, enablePersistentHover: true, ie.browserCommandLineSwitches: , ie.ensureCleanSession: false, ie.fileUploadDialogTimeout: 3000, ie.forceCreateProcessApi: false, ignoreProtectedModeSettings: false, ignoreZoomSetting: false, initialBrowserUrl: http://localhost:13041/, nativeEvents: true, requireWindowFocus: false}, setWindowRect: true, timeouts: {implicit: 0, pageLoad: 300000, script: 30000}}Session ID: eb586f2b-5f79-48d2-9735-92b28aa5f040*** Element info: {Using=xpath, value=//a[contains(text(),'Web Home Page')]}at org.openqa.selenium.remote.http.W3CHttpResponseCodec.createException(W3CHttpResponseCodec.java:187)at org.openqa.selenium.remote.http.W3CHttpResponseCodec.decode(W3CHttpResponseCodec.java:122)at org.openqa.selenium.remote.http.W3CHttpResponseCodec.decode(W3CHttpResponseCodec.java:49)at org.openqa.selenium.remote.HttpCommandExecutor.execute(HttpCommandExecutor.java:158)at org.openqa.selenium.remote.service.DriverCommandExecutor.execute(DriverCommandExecutor.java:83)at org.openqa.selenium.remote.RemoteWebDriver.execute(RemoteWebDriver.java:548)at org.openqa.selenium.remote.RemoteWebDriver.findElement(RemoteWebDriver.java:322)at org.openqa.selenium.remote.RemoteWebDriver.findElementByXPath(RemoteWebDriver.java:424)at org.openqa.selenium.By$ByXPath.findElement(By.java:353)at org.openqa.selenium.remote.RemoteWebDriver.findElement(RemoteWebDriver.java:314)at org.openqa.selenium.support.pagefactory.DefaultElementLocator.findElement(DefaultElementLocator.java:69)at org.openqa.selenium.support.pagefactory.internal.LocatingElementHandler.invoke(LocatingElementHandler.java:38)at com.sun.proxy.$Proxy11.click(Unknown Source)at EMSTestCases.Login.login(Login.java:50)at Master.EMS_Execution.LoginApp(EMS_Execution.java:58)... Removed 29 stack frames]]>
    </failure>
  </testcase> <!-- LoginApp -->
  <testcase name="CampaignInfo_Creation" time="0.0" classname="Master.EMS_Execution">
    <skipped/>
  </testcase> <!-- CampaignInfo_Creation -->
  <testcase name="ChooseandCreateTemplate" time="0.0" classname="Master.EMS_Execution">
    <skipped/>
  </testcase> <!-- ChooseandCreateTemplate -->
  <testcase name="EditorCampaign" time="0.0" classname="Master.EMS_Execution">
    <skipped/>
  </testcase> <!-- EditorCampaign -->
  <testcase name="CreateListWithContact" time="0.0" classname="Master.EMS_Execution">
    <skipped/>
  </testcase> <!-- CreateListWithContact -->
  <testcase name="MoveAndCopyContacts_ToList" time="0.0" classname="Master.EMS_Execution">
    <skipped/>
  </testcase> <!-- MoveAndCopyContacts_ToList -->
  <testcase name="SendCampaign_Features" time="0.0" classname="Master.EMS_Execution">
    <skipped/>
  </testcase> <!-- SendCampaign_Features -->
  <testcase name="CreateListContactsFromListPage" time="0.0" classname="Master.EMS_Execution">
    <skipped/>
  </testcase> <!-- CreateListContactsFromListPage -->
  <testcase name="ListManagementPageFeatures" time="0.0" classname="Master.EMS_Execution">
    <skipped/>
  </testcase> <!-- ListManagementPageFeatures -->
  <testcase name="SummaryDetailUnsubscribeReport_Download" time="0.0" classname="Master.EMS_Execution">
    <skipped/>
  </testcase> <!-- SummaryDetailUnsubscribeReport_Download -->
  <testcase name="CopyRecentSentCampaign_WithRecentDraft_Campaign" time="0.0" classname="Master.EMS_Execution">
    <skipped/>
  </testcase> <!-- CopyRecentSentCampaign_WithRecentDraft_Campaign -->
  <testcase name="CopyAndDeleteRecentDraftCampaign" time="0.0" classname="Master.EMS_Execution">
    <skipped/>
  </testcase> <!-- CopyAndDeleteRecentDraftCampaign -->
  <testcase name="TemplatesFeatures_TemplatesPage" time="0.0" classname="Master.EMS_Execution">
    <skipped/>
  </testcase> <!-- TemplatesFeatures_TemplatesPage -->
  <testcase name="Settings_WithCampaignAddress_Verification" time="0.0" classname="Master.EMS_Execution">
    <skipped/>
  </testcase> <!-- Settings_WithCampaignAddress_Verification -->
</testsuite> <!-- EMS_Corporate_Execution IE -->
