<?xml version="1.0" encoding="UTF-8"?>
<!-- Generated by org.testng.reporters.JUnitXMLReporter -->
<testsuite hostname="macpk-wks-0076" ignored="0" name="EMS_Corporate_Execution Edge" tests="14" failures="0" timestamp="11 Sep 2018 12:20:53 GMT" time="20.699" errors="0">
  <testcase name="@BeforeTest Startup" time="20.596" classname="Master.EMS_Execution">
    <failure type="org.openqa.selenium.WebDriverException" message="Timed out waiting for driver server to start.
Build info: version: &amp;apos;3.13.0&amp;apos;, revision: &amp;apos;2f0d292&amp;apos;, time: &amp;apos;2018-06-25T15:32:14.902Z&amp;apos;
System info: host: &amp;apos;MACPK-WKS-0076&amp;apos;, ip: &amp;apos;172.25.174.204&amp;apos;, os.name: &amp;apos;Windows 7&amp;apos;, os.arch: &amp;apos;amd64&amp;apos;, os.version: &amp;apos;6.1&amp;apos;, java.version: &amp;apos;1.8.0_181&amp;apos;
Driver info: driver.version: EdgeDriver">
      <![CDATA[org.openqa.selenium.WebDriverException: Timed out waiting for driver server to start.Build info: version: '3.13.0', revision: '2f0d292', time: '2018-06-25T15:32:14.902Z'System info: host: 'MACPK-WKS-0076', ip: '172.25.174.204', os.name: 'Windows 7', os.arch: 'amd64', os.version: '6.1', java.version: '1.8.0_181'Driver info: driver.version: EdgeDriverat org.openqa.selenium.remote.service.DriverService.waitUntilAvailable(DriverService.java:193)at org.openqa.selenium.remote.service.DriverService.start(DriverService.java:179)at org.openqa.selenium.remote.service.DriverCommandExecutor.execute(DriverCommandExecutor.java:79)at org.openqa.selenium.remote.RemoteWebDriver.execute(RemoteWebDriver.java:548)at org.openqa.selenium.remote.RemoteWebDriver.startSession(RemoteWebDriver.java:212)at org.openqa.selenium.remote.RemoteWebDriver.<init>(RemoteWebDriver.java:130)at org.openqa.selenium.edge.EdgeDriver.<init>(EdgeDriver.java:141)at org.openqa.selenium.edge.EdgeDriver.<init>(EdgeDriver.java:96)at EMSTestCases.BrowserInitiation.StartBrowser(BrowserInitiation.java:59)at Master.EMS_Execution.Startup(EMS_Execution.java:50)Caused by: org.openqa.selenium.net.UrlChecker$TimeoutException: Timed out waiting for [http://localhost:26531/status] to be available after 20005 msat org.openqa.selenium.net.UrlChecker.waitUntilAvailable(UrlChecker.java:100)at org.openqa.selenium.remote.service.DriverService.waitUntilAvailable(DriverService.java:188)... 33 moreCaused by: java.util.concurrent.TimeoutExceptionat java.util.concurrent.FutureTask.get(Unknown Source)at com.google.common.util.concurrent.SimpleTimeLimiter.callWithTimeout(SimpleTimeLimiter.java:156)at org.openqa.selenium.net.UrlChecker.waitUntilAvailable(UrlChecker.java:75)... 34 more... Removed 24 stack frames]]>
    </failure>
  </testcase> <!-- @BeforeTest Startup -->
  <testcase name="@AfterMethod getResult" time="0.0" classname="Master.EMS_Execution">
    <skipped/>
  </testcase> <!-- @AfterMethod getResult -->
  <testcase name="@AfterMethod getResult" time="0.0" classname="Master.EMS_Execution">
    <skipped/>
  </testcase> <!-- @AfterMethod getResult -->
  <testcase name="@AfterMethod getResult" time="0.0" classname="Master.EMS_Execution">
    <skipped/>
  </testcase> <!-- @AfterMethod getResult -->
  <testcase name="@AfterMethod getResult" time="0.0" classname="Master.EMS_Execution">
    <skipped/>
  </testcase> <!-- @AfterMethod getResult -->
  <testcase name="@AfterMethod getResult" time="0.0" classname="Master.EMS_Execution">
    <skipped/>
  </testcase> <!-- @AfterMethod getResult -->
  <testcase name="@AfterMethod getResult" time="0.0" classname="Master.EMS_Execution">
    <skipped/>
  </testcase> <!-- @AfterMethod getResult -->
  <testcase name="@AfterMethod getResult" time="0.0" classname="Master.EMS_Execution">
    <skipped/>
  </testcase> <!-- @AfterMethod getResult -->
  <testcase name="@AfterMethod getResult" time="0.0" classname="Master.EMS_Execution">
    <skipped/>
  </testcase> <!-- @AfterMethod getResult -->
  <testcase name="@AfterMethod getResult" time="0.0" classname="Master.EMS_Execution">
    <skipped/>
  </testcase> <!-- @AfterMethod getResult -->
  <testcase name="@AfterMethod getResult" time="0.0" classname="Master.EMS_Execution">
    <skipped/>
  </testcase> <!-- @AfterMethod getResult -->
  <testcase name="@AfterMethod getResult" time="0.0" classname="Master.EMS_Execution">
    <skipped/>
  </testcase> <!-- @AfterMethod getResult -->
  <testcase name="@AfterMethod getResult" time="0.0" classname="Master.EMS_Execution">
    <skipped/>
  </testcase> <!-- @AfterMethod getResult -->
  <testcase name="@AfterMethod getResult" time="0.0" classname="Master.EMS_Execution">
    <skipped/>
  </testcase> <!-- @AfterMethod getResult -->
  <testcase name="@AfterMethod getResult" time="0.0" classname="Master.EMS_Execution">
    <skipped/>
  </testcase> <!-- @AfterMethod getResult -->
  <testcase name="@AfterTest teardown" time="0.0" classname="Master.EMS_Execution">
    <skipped/>
  </testcase> <!-- @AfterTest teardown -->
  <testcase name="LoginApp" time="0.0" classname="Master.EMS_Execution">
    <skipped/>
  </testcase> <!-- LoginApp -->
  <testcase name="CampaignInfo_Creation" time="0.0" classname="Master.EMS_Execution">
    <skipped/>
  </testcase> <!-- CampaignInfo_Creation -->
  <testcase name="ChooseandCreateTemplate" time="0.0" classname="Master.EMS_Execution">
    <skipped/>
  </testcase> <!-- ChooseandCreateTemplate -->
  <testcase name="EditorCampaign" time="0.0" classname="Master.EMS_Execution">
    <skipped/>
  </testcase> <!-- EditorCampaign -->
  <testcase name="CreateListWithContact" time="0.0" classname="Master.EMS_Execution">
    <skipped/>
  </testcase> <!-- CreateListWithContact -->
  <testcase name="MoveAndCopyContacts_ToList" time="0.0" classname="Master.EMS_Execution">
    <skipped/>
  </testcase> <!-- MoveAndCopyContacts_ToList -->
  <testcase name="SendCampaign_Features" time="0.0" classname="Master.EMS_Execution">
    <skipped/>
  </testcase> <!-- SendCampaign_Features -->
  <testcase name="CreateListContactsFromListPage" time="0.0" classname="Master.EMS_Execution">
    <skipped/>
  </testcase> <!-- CreateListContactsFromListPage -->
  <testcase name="ListManagementPageFeatures" time="0.0" classname="Master.EMS_Execution">
    <skipped/>
  </testcase> <!-- ListManagementPageFeatures -->
  <testcase name="SummaryDetailUnsubscribeReport_Download" time="0.0" classname="Master.EMS_Execution">
    <skipped/>
  </testcase> <!-- SummaryDetailUnsubscribeReport_Download -->
  <testcase name="CopyRecentSentCampaign_WithRecentDraft_Campaign" time="0.0" classname="Master.EMS_Execution">
    <skipped/>
  </testcase> <!-- CopyRecentSentCampaign_WithRecentDraft_Campaign -->
  <testcase name="CopyAndDeleteRecentDraftCampaign" time="0.0" classname="Master.EMS_Execution">
    <skipped/>
  </testcase> <!-- CopyAndDeleteRecentDraftCampaign -->
  <testcase name="TemplatesFeatures_TemplatesPage" time="0.0" classname="Master.EMS_Execution">
    <skipped/>
  </testcase> <!-- TemplatesFeatures_TemplatesPage -->
  <testcase name="Settings_WithCampaignAddress_Verification" time="0.0" classname="Master.EMS_Execution">
    <skipped/>
  </testcase> <!-- Settings_WithCampaignAddress_Verification -->
</testsuite> <!-- EMS_Corporate_Execution Edge -->
